2025/02/10 09:38:06 Starting LBD Game Server
2025/02/10 09:38:06 Admin count: 0
2025/02/10 09:38:07 Default admin created with username 'admin' and password 'adminpass'
2025/02/10 09:38:07 Phrase submission will open at 7:37AM
2025/02/10 09:38:07 Daily reset scheduled at midnight
2025/02/10 09:38:07 Phrase submission is now open!
2025/02/10 09:39:14 Starting LBD Game Server
2025/02/10 09:39:14 Admin count: 1
2025/02/10 09:39:14 Phrase submission will open at 7:05AM
2025/02/10 09:39:14 Daily reset scheduled at midnight
2025/02/10 09:39:14 Phrase submission is now open!
2025/02/10 09:39:21 Starting LBD Game Server
2025/02/10 09:39:21 Admin count: 1
2025/02/10 09:39:21 Phrase submission will open at 7:47AM
2025/02/10 09:39:21 Daily reset scheduled at midnight
2025/02/10 09:39:21 Phrase submission is now open!
2025/02/10 09:39:24 Starting LBD Game Server
2025/02/10 09:39:24 Admin count: 1
2025/02/10 09:39:24 Phrase submission will open at 7:30AM
2025/02/10 09:39:24 Daily reset scheduled at midnight
2025/02/10 09:39:24 Phrase submission is now open!
2025/02/10 09:39:27 Admin 'admin' logged in
2025/02/10 09:40:54 Phrase submitted by user 'admin': This is the daily phrase.
2025/02/10 10:06:33 Admin count: 1
2025/02/10 10:06:33 Phrase submission will open at 7:18AM
2025/02/10 10:06:33 Daily reset scheduled at midnight
2025/02/10 10:06:33 Phrase submission is now open!
2025/02/10 10:06:38 Admin count: 1
2025/02/10 10:06:38 Phrase submission will open at 7:29AM
2025/02/10 10:06:38 Daily reset scheduled at midnight
2025/02/10 10:06:38 Phrase submission is now open!
